GET /book 2025-08-27T09:27:30.349Z
GET /book/2 2025-08-27T09:28:05.178Z
GET /book/1 2025-08-27T09:28:06.595Z
GET /book/4 2025-08-27T09:28:07.953Z
GET /book/5 2025-08-27T09:28:09.597Z
GET /book/7 2025-08-27T09:28:11.078Z
GET / 2025-08-27T10:46:43.337Z
GET /books 2025-08-27T10:46:59.991Z
GET /books/2 2025-08-27T10:47:04.240Z
GET /books/5 2025-08-27T10:47:05.588Z
DELETE /books/5 2025-08-27T10:48:24.431Z
GET /books/5 2025-08-27T11:07:35.267Z
GET /books 2025-08-27T11:07:37.090Z
PUT /books/5 2025-08-27T11:08:37.353Z
PUT /books 2025-09-03T19:14:03.898Z
GET /books 2025-09-03T19:14:08.473Z
POST /books 2025-09-03T19:15:32.584Z
POST /books 2025-09-03T19:17:40.522Z
POST /books 2025-09-03T19:17:52.275Z
POST /books 2025-09-05T10:47:12.700Z
GET /books 2025-09-05T10:47:39.487Z
PUT /books 2025-09-05T10:52:31.732Z
PUT /books/9531b350-ab54-43ba-ac84-7dd34899ee63 2025-09-05T10:53:31.754Z
GET /books/9531b350-ab54-43ba-ac84-7dd34899ee63 2025-09-05T10:55:37.320Z
GET / 2025-09-05T13:15:56.429Z
GET /books 2025-09-05T13:16:03.632Z
GET /books/9531b350-ab54-43ba-ac84-7dd34899ee63 2025-09-05T13:16:37.426Z
GET /books 2025-09-05T13:19:03.395Z
GET /books 2025-09-05T13:21:23.750Z
GET /books/9531b350-ab54-43ba-ac84-7dd34899ee63 2025-09-05T13:22:29.026Z
GET /books/9531b350-ab54-43ba-ac84-7dd34899ee63 2025-09-05T13:23:13.374Z
GET /books 2025-09-05T13:23:47.304Z
GET /books/c9500f07-8064-47b3-8be1-000d26bc81b5 2025-09-05T13:24:08.550Z
POST /books 2025-09-05T13:29:26.484Z
GET /books 2025-09-05T13:29:51.326Z
GET /books?search=ble 2025-09-05T13:42:20.255Z
GET /books?search=ble 2025-09-05T13:43:18.888Z
GET /books?search=one 2025-09-05T13:43:30.387Z
GET /books?search=oke 2025-09-05T13:44:15.485Z
GET /books 2025-09-05T14:04:46.890Z
GET /books 2025-09-05T14:04:50.833Z
GET /books 2025-09-05T14:04:52.880Z
GET /authors 2025-09-05T17:33:58.321Z
GET / 2025-09-05T17:36:18.033Z
GET /authors 2025-09-05T17:36:31.965Z
POST /authors 2025-09-05T17:36:40.347Z
POST /authors 2025-09-05T17:37:09.174Z
GET /authors/ 2025-09-05T17:38:23.187Z
GET /authors/223 2025-09-05T17:43:54.625Z
GET /authors/00e6ba2a-9139-46f7-a70a-e6f79340f328 2025-09-05T17:44:26.095Z
GET /00e6ba2a-9139-46f7-a70a-e6f79340f327/books 2025-09-05T17:50:41.135Z
GET /authors/00e6ba2a-9139-46f7-a70a-e6f79340f327/books 2025-09-05T17:51:10.532Z
GET /authors/00e6ba2a-9139-46f7-a70a-e6f79340f327/books 2025-09-05T17:51:48.155Z
GET /authors/00e6ba2a-9139-46f7-a70a-e6f79340f327/books 2025-09-05T17:52:19.108Z
GET /books 2025-09-05T17:56:12.899Z
GET /books 2025-09-05T17:56:48.586Z
GET /books/9531b350-ab54-43ba-ac84-7dd34899ee63 2025-09-05T17:56:56.982Z
GET /authors?search=Tite 2025-09-05T18:30:11.967Z
GET /authors?search=oda 2025-09-05T18:30:19.838Z
GET /authors?search=Divyansh 2025-09-05T18:30:28.785Z
